<?xml version="1.0" encoding="UTF-8"?>
<!-- Generated by org.testng.reporters.JUnitXMLReporter -->
<testsuite ignored="1" hostname="Arhaa" failures="0" tests="2" name="Submit order Test" time="18.014" errors="0" timestamp="29 Nov 2024 14:11:05 GMT">
  <testcase classname="Selenium.Standalone" name="submitOrder" time="3.915"/>
  <testcase classname="Selenium.Standalone" name="submitOrder" time="4.175"/>
  <testcase classname="Selenium.Standalone" name="orderVerification" time="0.0">
    <ignored/>
  </testcase> <!-- orderVerification -->
</testsuite> <!-- Submit order Test -->
